This is pdfTeX, Version 3.14159265-2.6-1.40.21 (MiKTeX 2.9.7300) (preloaded format=pdflatex 2020.3.2)  10 MAR 2020 10:28
entering extended mode
**./proposal.tex
(proposal.tex
LaTeX2e <2020-02-02> patch level 5
L3 programming layer <2020-02-25> (imsart.cls
Document Class: imsart 2010/04/27 driver class for package imsart.sty
(/usr/local/share/miktex-texmf/tex/latex/base/article.cls
Document Class: article 2019/12/20 v1.4l Standard LaTeX document class
(/usr/local/share/miktex-texmf/tex/latex/base/size10.clo
File: size10.clo 2019/12/20 v1.4l Standard LaTeX file (size option)
)
\c@part=\count167
\c@section=\count168
\c@subsection=\count169
\c@subsubsection=\count170
\c@paragraph=\count171
\c@subparagraph=\count172
\c@figure=\count173
\c@table=\count174
\abovecaptionskip=\skip47
\belowcaptionskip=\skip48
\bibindent=\dimen134
) (imsart.sty
File: imsart.sty 2014/10/16IMS article style (VS)

No file imsart.cnf.
\c@firstpage=\count175
\c@lastpage=\count176
\c@thanks=\count177
\c@addressref=\count178
(/usr/local/share/miktex-texmf/tex/latex/graphics/keyval.sty
Package: keyval 2014/10/28 v1.15 key=value parser (DPC)
\KV@toks@=\toks15
)
\c@emailref=\count179
\c@author=\count180
\c@address=\count181
\sv@mathsurround=\dimen135
\sv@parindent=\dimen136
\fm@box=\box45
\fm@size=\dimen137
\t@xtheight=\dimen138
\abstract@box=\box46
\keyword@box=\box47
\pre@kwd@depth=\dimen139
\authors@list=\toks16
\keywords@list=\toks17

No file imsart-bj.cnf.
)) (/usr/local/share/miktex-texmf/tex/latex/base/fontenc.sty
Package: fontenc 2020/02/11 v2.0o Standard LaTeX package
)
(/usr/local/share/miktex-texmf/tex/latex/hyperref/hyperref.sty
Package: hyperref 2020/01/14 v7.00d Hypertext links for LaTeX

(/home/simon/.miktex/texmfs/install/tex/generic/ltxcmds/ltxcmds.sty
Package: ltxcmds 2019/12/15 v1.24 LaTeX kernel commands for general use (HO)
)
(/usr/local/share/miktex-texmf/tex/generic/iftex/iftex.sty
Package: iftex 2019/11/07 v1.0c TeX engine tests
)
(/usr/local/share/miktex-texmf/tex/latex/pdftexcmds/pdftexcmds.sty
Package: pdftexcmds 2019/11/24 v0.31 Utility functions of pdfTeX for LuaTeX (HO
)

(/home/simon/.miktex/texmfs/install/tex/generic/infwarerr/infwarerr.sty
Package: infwarerr 2019/12/03 v1.5 Providing info/warning/error messages (HO)
)
Package pdftexcmds Info: \pdf@primitive is available.
Package pdftexcmds Info: \pdf@ifprimitive is available.
Package pdftexcmds Info: \pdfdraftmode found.
)
(/home/simon/.miktex/texmfs/install/tex/generic/kvsetkeys/kvsetkeys.sty
Package: kvsetkeys 2019/12/15 v1.18 Key value parser (HO)
)
(/home/simon/.miktex/texmfs/install/tex/generic/kvdefinekeys/kvdefinekeys.sty
Package: kvdefinekeys 2019-12-19 v1.6 Define keys (HO)
)
(/home/simon/.miktex/texmfs/install/tex/generic/pdfescape/pdfescape.sty
Package: pdfescape 2019/12/09 v1.15 Implements pdfTeX's escape features (HO)
)
(/home/simon/.miktex/texmfs/install/tex/latex/hycolor/hycolor.sty
Package: hycolor 2020-01-27 v1.10 Color options for hyperref/bookmark (HO)
)
(/home/simon/.miktex/texmfs/install/tex/latex/letltxmacro/letltxmacro.sty
Package: letltxmacro 2019/12/03 v1.6 Let assignment for LaTeX macros (HO)
)
(/home/simon/.miktex/texmfs/install/tex/latex/auxhook/auxhook.sty
Package: auxhook 2019-12-17 v1.6 Hooks for auxiliary files (HO)
)
(/home/simon/.miktex/texmfs/install/tex/latex/kvoptions/kvoptions.sty
Package: kvoptions 2019/11/29 v3.13 Key value format for package options (HO)
)
\@linkdim=\dimen140
\Hy@linkcounter=\count182
\Hy@pagecounter=\count183

(/usr/local/share/miktex-texmf/tex/latex/hyperref/pd1enc.def
File: pd1enc.def 2020/01/14 v7.00d Hyperref: PDFDocEncoding definition (HO)
Now handling font encoding PD1 ...
... no UTF-8 mapping file for font encoding PD1
)
(/home/simon/.miktex/texmfs/install/tex/generic/intcalc/intcalc.sty
Package: intcalc 2019/12/15 v1.3 Expandable calculations with integers (HO)
)
(/home/simon/.miktex/texmfs/install/tex/generic/etexcmds/etexcmds.sty
Package: etexcmds 2019/12/15 v1.7 Avoid name clashes with e-TeX commands (HO)
)
\Hy@SavedSpaceFactor=\count184
Package hyperref Info: Option `colorlinks' set `true' on input line 4421.


Package hyperref Warning: Option `pagecolor' is not available anymore.

Package hyperref Info: Option `linktocpage' set `true' on input line 4421.
Package hyperref Info: Option `colorlinks' set `true' on input line 4421.
Package hyperref Info: Hyper figures OFF on input line 4547.
Package hyperref Info: Link nesting OFF on input line 4552.
Package hyperref Info: Hyper index ON on input line 4555.
Package hyperref Info: Plain pages OFF on input line 4562.
Package hyperref Info: Backreferencing OFF on input line 4567.
Package hyperref Info: Implicit mode ON; LaTeX internals redefined.
Package hyperref Info: Bookmarks ON on input line 4800.
\c@Hy@tempcnt=\count185
(/usr/local/share/miktex-texmf/tex/latex/url/url.sty
\Urlmuskip=\muskip16
Package: url 2013/09/16  ver 3.4  Verb mode for urls, etc.
)
LaTeX Info: Redefining \url on input line 5159.
\XeTeXLinkMargin=\dimen141

(/home/simon/.miktex/texmfs/install/tex/generic/bitset/bitset.sty
Package: bitset 2019/12/09 v1.3 Handle bit-vector datatype (HO)

(/home/simon/.miktex/texmfs/install/tex/generic/bigintcalc/bigintcalc.sty
Package: bigintcalc 2019/12/15 v1.5 Expandable calculations on big integers (HO
)
))
\Fld@menulength=\count186
\Field@Width=\dimen142
\Fld@charsize=\dimen143
Package hyperref Info: Hyper figures OFF on input line 6430.
Package hyperref Info: Link nesting OFF on input line 6435.
Package hyperref Info: Hyper index ON on input line 6438.
Package hyperref Info: backreferencing OFF on input line 6445.
Package hyperref Info: Link coloring ON on input line 6448.
Package hyperref Info: Link coloring with OCG OFF on input line 6455.
Package hyperref Info: PDF/A mode OFF on input line 6460.
LaTeX Info: Redefining \ref on input line 6500.
LaTeX Info: Redefining \pageref on input line 6504.

(/home/simon/.miktex/texmfs/install/tex/generic/atbegshi/atbegshi.sty
Package: atbegshi 2019/12/05 v1.19 At begin shipout hook (HO)
)
\Hy@abspage=\count187
\c@Item=\count188
\c@Hfootnote=\count189
)
Package hyperref Info: Driver (autodetected): hpdftex.

(/usr/local/share/miktex-texmf/tex/latex/hyperref/hpdftex.def
File: hpdftex.def 2020/01/14 v7.00d Hyperref driver for pdfTeX

(/home/simon/.miktex/texmfs/install/tex/latex/atveryend/atveryend.sty
Package: atveryend 2019-12-11 v1.11 Hooks at the very end of document (HO)
Package atveryend Info: \old@enddocument detected (standard20110627).
)
\Fld@listcount=\count190
\c@bookmark@seq@number=\count191

(/home/simon/.miktex/texmfs/install/tex/latex/rerunfilecheck/rerunfilecheck.sty
Package: rerunfilecheck 2019/12/05 v1.9 Rerun checks for auxiliary files (HO)

(/home/simon/.miktex/texmfs/install/tex/generic/uniquecounter/uniquecounter.sty
Package: uniquecounter 2019/12/15 v1.4 Provide unlimited unique counter (HO)
)
Package uniquecounter Info: New unique counter `rerunfilecheck' on input line 2
86.
)
\Hy@SectionHShift=\skip49
) (/home/simon/.miktex/texmfs/install/tex/latex/amscls/amsthm.sty
Package: amsthm 2017/10/31 v2.20.4
\thm@style=\toks18
\thm@bodyfont=\toks19
\thm@headfont=\toks20
\thm@notefont=\toks21
\thm@headpunct=\toks22
\thm@preskip=\skip50
\thm@postskip=\skip51
\thm@headsep=\skip52
\dth@everypar=\toks23
)
(/usr/local/share/miktex-texmf/tex/latex/amsmath/amsmath.sty
Package: amsmath 2020/01/20 v2.17e AMS math features
\@mathmargin=\skip53

For additional information on amsmath, use the `?' option.
(/usr/local/share/miktex-texmf/tex/latex/amsmath/amstext.sty
Package: amstext 2000/06/29 v2.01 AMS text

(/usr/local/share/miktex-texmf/tex/latex/amsmath/amsgen.sty
File: amsgen.sty 1999/11/30 v2.0 generic functions
\@emptytoks=\toks24
\ex@=\dimen144
))
(/usr/local/share/miktex-texmf/tex/latex/amsmath/amsbsy.sty
Package: amsbsy 1999/11/29 v1.2d Bold Symbols
\pmbraise@=\dimen145
)
(/usr/local/share/miktex-texmf/tex/latex/amsmath/amsopn.sty
Package: amsopn 2016/03/08 v2.02 operator names
)
\inf@bad=\count192
LaTeX Info: Redefining \frac on input line 227.
\uproot@=\count193
\leftroot@=\count194
LaTeX Info: Redefining \overline on input line 389.
\classnum@=\count195
\DOTSCASE@=\count196
LaTeX Info: Redefining \ldots on input line 486.
LaTeX Info: Redefining \dots on input line 489.
LaTeX Info: Redefining \cdots on input line 610.
\Mathstrutbox@=\box48
\strutbox@=\box49
\big@size=\dimen146
LaTeX Font Info:    Redeclaring font encoding OML on input line 733.
LaTeX Font Info:    Redeclaring font encoding OMS on input line 734.
\macc@depth=\count197
\c@MaxMatrixCols=\count198
\dotsspace@=\muskip17
\c@parentequation=\count199
\dspbrk@lvl=\count266
\tag@help=\toks25
\row@=\count267
\column@=\count268
\maxfields@=\count269
\andhelp@=\toks26
\eqnshift@=\dimen147
\alignsep@=\dimen148
\tagshift@=\dimen149
\tagwidth@=\dimen150
\totwidth@=\dimen151
\lineht@=\dimen152
\@envbody=\toks27
\multlinegap=\skip54
\multlinetaggap=\skip55
\mathdisplay@stack=\toks28
LaTeX Info: Redefining \[ on input line 2859.
LaTeX Info: Redefining \] on input line 2860.
)
(/home/simon/.miktex/texmfs/install/tex/latex/natbib/natbib.sty
Package: natbib 2010/09/13 8.31b (PWD, AO)
\bibhang=\skip56
\bibsep=\skip57
LaTeX Info: Redefining \cite on input line 694.
\c@NAT@ctr=\count270
)
(/home/simon/.miktex/texmfs/install/tex/latex/booktabs/booktabs.sty
Package: booktabs 2020/01/12 v1.61803398 Publication quality tables
\heavyrulewidth=\dimen153
\lightrulewidth=\dimen154
\cmidrulewidth=\dimen155
\belowrulesep=\dimen156
\belowbottomsep=\dimen157
\aboverulesep=\dimen158
\abovetopsep=\dimen159
\cmidrulesep=\dimen160
\cmidrulekern=\dimen161
\defaultaddspace=\dimen162
\@cmidla=\count271
\@cmidlb=\count272
\@aboverulesep=\dimen163
\@belowrulesep=\dimen164
\@thisruleclass=\count273
\@lastruleclass=\count274
\@thisrulewidth=\dimen165
)
(/home/simon/.miktex/texmfs/install/tex/latex/cleveref/cleveref.sty
Package: cleveref 2018/03/27 v0.21.4 Intelligent cross-referencing
Package cleveref Info: `hyperref' support loaded on input line 2370.
LaTeX Info: Redefining \cref on input line 2370.
LaTeX Info: Redefining \Cref on input line 2370.
LaTeX Info: Redefining \crefrange on input line 2370.
LaTeX Info: Redefining \Crefrange on input line 2370.
LaTeX Info: Redefining \cpageref on input line 2370.
LaTeX Info: Redefining \Cpageref on input line 2370.
LaTeX Info: Redefining \cpagerefrange on input line 2370.
LaTeX Info: Redefining \Cpagerefrange on input line 2370.
LaTeX Info: Redefining \labelcref on input line 2370.
LaTeX Info: Redefining \labelcpageref on input line 2370.
Package cleveref Info: `amsthm' support loaded on input line 3026.
)
(../utils/preamble.tex
(/home/simon/.miktex/texmfs/install/tex/latex/float/float.sty
Package: float 2001/11/08 v1.3d Float enhancements (AL)
\c@float@type=\count275
\float@exts=\toks29
\float@box=\box50
\@float@everytoks=\toks30
\@floatcapt=\box51
)
(/usr/local/share/miktex-texmf/tex/latex/graphics/graphicx.sty
Package: graphicx 2019/11/30 v1.2a Enhanced LaTeX Graphics (DPC,SPQR)

(/usr/local/share/miktex-texmf/tex/latex/graphics/graphics.sty
Package: graphics 2019/11/30 v1.4a Standard LaTeX Graphics (DPC,SPQR)

(/usr/local/share/miktex-texmf/tex/latex/graphics/trig.sty
Package: trig 2016/01/03 v1.10 sin cos tan (DPC)
)
(/usr/local/share/miktex-texmf/tex/latex/graphics-cfg/graphics.cfg
File: graphics.cfg 2016/06/04 v1.11 sample graphics configuration
)
Package graphics Info: Driver file: pdftex.def on input line 105.

(/usr/local/share/miktex-texmf/tex/latex/graphics-def/pdftex.def
File: pdftex.def 2018/01/08 v1.0l Graphics/color driver for pdftex
))
\Gin@req@height=\dimen166
\Gin@req@width=\dimen167
)
(/home/simon/.miktex/texmfs/install/tex/latex/enumitem/enumitem.sty
Package: enumitem 2019/06/20 v3.9 Customized lists
\labelindent=\skip58
\enit@outerparindent=\dimen168
\enit@toks=\toks31
\enit@inbox=\box52
\enit@count@id=\count276
\enitdp@description=\count277
)
(/usr/local/share/miktex-texmf/tex/latex/xcolor/xcolor.sty
Package: xcolor 2016/05/11 v2.12 LaTeX color extensions (UK)

(/usr/local/share/miktex-texmf/tex/latex/graphics-cfg/color.cfg
File: color.cfg 2016/01/02 v1.6 sample color configuration
)
Package xcolor Info: Driver file: pdftex.def on input line 225.
Package xcolor Info: Model `cmy' substituted by `cmy0' on input line 1348.
Package xcolor Info: Model `hsb' substituted by `rgb' on input line 1352.
Package xcolor Info: Model `RGB' extended on input line 1364.
Package xcolor Info: Model `HTML' substituted by `rgb' on input line 1366.
Package xcolor Info: Model `Hsb' substituted by `hsb' on input line 1367.
Package xcolor Info: Model `tHsb' substituted by `hsb' on input line 1368.
Package xcolor Info: Model `HSB' substituted by `hsb' on input line 1369.
Package xcolor Info: Model `Gray' substituted by `gray' on input line 1370.
Package xcolor Info: Model `wave' substituted by `hsb' on input line 1371.
)
(/usr/local/share/miktex-texmf/tex/latex/todonotes/todonotes.sty
Package: todonotes 2019/01/24 v1.1.2 Todonotes source and documentation.
Package: todonotes 2018/11/22

(/usr/local/share/miktex-texmf/tex/latex/base/ifthen.sty
Package: ifthen 2014/09/29 v1.1c Standard LaTeX ifthen package (DPC)
)
(/usr/local/share/miktex-texmf/tex/latex/xkeyval/xkeyval.sty
Package: xkeyval 2014/12/03 v2.7a package option processing (HA)

(/usr/local/share/miktex-texmf/tex/generic/xkeyval/xkeyval.tex
(/usr/local/share/miktex-texmf/tex/generic/xkeyval/xkvutils.tex
\XKV@toks=\toks32
\XKV@tempa@toks=\toks33
)
\XKV@depth=\count278
File: xkeyval.tex 2014/12/03 v2.7a key=value parser (HA)
))
(/usr/local/share/miktex-texmf/tex/latex/pgf/frontendlayer/tikz.sty
(/usr/local/share/miktex-texmf/tex/latex/pgf/basiclayer/pgf.sty
(/usr/local/share/miktex-texmf/tex/latex/pgf/utilities/pgfrcs.sty
(/usr/local/share/miktex-texmf/tex/generic/pgf/utilities/pgfutil-common.tex
\pgfutil@everybye=\toks34
\pgfutil@tempdima=\dimen169
\pgfutil@tempdimb=\dimen170

(/usr/local/share/miktex-texmf/tex/generic/pgf/utilities/pgfutil-common-lists.t
ex)) (/usr/local/share/miktex-texmf/tex/generic/pgf/utilities/pgfutil-latex.def
\pgfutil@abb=\box53
(/usr/local/share/miktex-texmf/tex/latex/ms/everyshi.sty
Package: everyshi 2001/05/15 v3.00 EveryShipout Package (MS)
))
(/usr/local/share/miktex-texmf/tex/generic/pgf/utilities/pgfrcs.code.tex
(/usr/local/share/miktex-texmf/tex/generic/pgf/pgf.revision.tex)
Package: pgfrcs 2020/01/08 v3.1.5b (3.1.5b)
))
Package: pgf 2020/01/08 v3.1.5b (3.1.5b)

(/usr/local/share/miktex-texmf/tex/latex/pgf/basiclayer/pgfcore.sty
(/usr/local/share/miktex-texmf/tex/latex/pgf/systemlayer/pgfsys.sty
(/usr/local/share/miktex-texmf/tex/generic/pgf/systemlayer/pgfsys.code.tex
Package: pgfsys 2020/01/08 v3.1.5b (3.1.5b)

(/usr/local/share/miktex-texmf/tex/generic/pgf/utilities/pgfkeys.code.tex
\pgfkeys@pathtoks=\toks35
\pgfkeys@temptoks=\toks36

(/usr/local/share/miktex-texmf/tex/generic/pgf/utilities/pgfkeysfiltered.code.t
ex
\pgfkeys@tmptoks=\toks37
))
\pgf@x=\dimen171
\pgf@y=\dimen172
\pgf@xa=\dimen173
\pgf@ya=\dimen174
\pgf@xb=\dimen175
\pgf@yb=\dimen176
\pgf@xc=\dimen177
\pgf@yc=\dimen178
\pgf@xd=\dimen179
\pgf@yd=\dimen180
\w@pgf@writea=\write3
\r@pgf@reada=\read2
\c@pgf@counta=\count279
\c@pgf@countb=\count280
\c@pgf@countc=\count281
\c@pgf@countd=\count282
\t@pgf@toka=\toks38
\t@pgf@tokb=\toks39
\t@pgf@tokc=\toks40
\pgf@sys@id@count=\count283
 (/usr/local/share/miktex-texmf/tex/generic/pgf/systemlayer/pgf.cfg
File: pgf.cfg 2020/01/08 v3.1.5b (3.1.5b)
)
Driver file for pgf: pgfsys-pdftex.def

(/usr/local/share/miktex-texmf/tex/generic/pgf/systemlayer/pgfsys-pdftex.def
File: pgfsys-pdftex.def 2020/01/08 v3.1.5b (3.1.5b)

(/usr/local/share/miktex-texmf/tex/generic/pgf/systemlayer/pgfsys-common-pdf.de
f
File: pgfsys-common-pdf.def 2020/01/08 v3.1.5b (3.1.5b)
)))
(/usr/local/share/miktex-texmf/tex/generic/pgf/systemlayer/pgfsyssoftpath.code.
tex
File: pgfsyssoftpath.code.tex 2020/01/08 v3.1.5b (3.1.5b)
\pgfsyssoftpath@smallbuffer@items=\count284
\pgfsyssoftpath@bigbuffer@items=\count285
)
(/usr/local/share/miktex-texmf/tex/generic/pgf/systemlayer/pgfsysprotocol.code.
tex
File: pgfsysprotocol.code.tex 2020/01/08 v3.1.5b (3.1.5b)
))
(/usr/local/share/miktex-texmf/tex/generic/pgf/basiclayer/pgfcore.code.tex
Package: pgfcore 2020/01/08 v3.1.5b (3.1.5b)

(/usr/local/share/miktex-texmf/tex/generic/pgf/math/pgfmath.code.tex
(/usr/local/share/miktex-texmf/tex/generic/pgf/math/pgfmathcalc.code.tex
(/usr/local/share/miktex-texmf/tex/generic/pgf/math/pgfmathutil.code.tex)
(/usr/local/share/miktex-texmf/tex/generic/pgf/math/pgfmathparser.code.tex
\pgfmath@dimen=\dimen181
\pgfmath@count=\count286
\pgfmath@box=\box54
\pgfmath@toks=\toks41
\pgfmath@stack@operand=\toks42
\pgfmath@stack@operation=\toks43
)
(/usr/local/share/miktex-texmf/tex/generic/pgf/math/pgfmathfunctions.code.tex
(/usr/local/share/miktex-texmf/tex/generic/pgf/math/pgfmathfunctions.basic.code
.tex)
(/usr/local/share/miktex-texmf/tex/generic/pgf/math/pgfmathfunctions.trigonomet
ric.code.tex)
(/usr/local/share/miktex-texmf/tex/generic/pgf/math/pgfmathfunctions.random.cod
e.tex)
(/usr/local/share/miktex-texmf/tex/generic/pgf/math/pgfmathfunctions.comparison
.code.tex)
(/usr/local/share/miktex-texmf/tex/generic/pgf/math/pgfmathfunctions.base.code.
tex)
(/usr/local/share/miktex-texmf/tex/generic/pgf/math/pgfmathfunctions.round.code
.tex)
(/usr/local/share/miktex-texmf/tex/generic/pgf/math/pgfmathfunctions.misc.code.
tex)
(/usr/local/share/miktex-texmf/tex/generic/pgf/math/pgfmathfunctions.integerari
thmetics.code.tex)))
(/usr/local/share/miktex-texmf/tex/generic/pgf/math/pgfmathfloat.code.tex
\c@pgfmathroundto@lastzeros=\count287
))
(/usr/local/share/miktex-texmf/tex/generic/pgf/math/pgfint.code.tex)
(/usr/local/share/miktex-texmf/tex/generic/pgf/basiclayer/pgfcorepoints.code.te
x
File: pgfcorepoints.code.tex 2020/01/08 v3.1.5b (3.1.5b)
\pgf@picminx=\dimen182
\pgf@picmaxx=\dimen183
\pgf@picminy=\dimen184
\pgf@picmaxy=\dimen185
\pgf@pathminx=\dimen186
\pgf@pathmaxx=\dimen187
\pgf@pathminy=\dimen188
\pgf@pathmaxy=\dimen189
\pgf@xx=\dimen190
\pgf@xy=\dimen191
\pgf@yx=\dimen192
\pgf@yy=\dimen193
\pgf@zx=\dimen194
\pgf@zy=\dimen195
)
(/usr/local/share/miktex-texmf/tex/generic/pgf/basiclayer/pgfcorepathconstruct.
code.tex
File: pgfcorepathconstruct.code.tex 2020/01/08 v3.1.5b (3.1.5b)
\pgf@path@lastx=\dimen196
\pgf@path@lasty=\dimen197
)
(/usr/local/share/miktex-texmf/tex/generic/pgf/basiclayer/pgfcorepathusage.code
.tex
File: pgfcorepathusage.code.tex 2020/01/08 v3.1.5b (3.1.5b)
\pgf@shorten@end@additional=\dimen198
\pgf@shorten@start@additional=\dimen199
)
(/usr/local/share/miktex-texmf/tex/generic/pgf/basiclayer/pgfcorescopes.code.te
x
File: pgfcorescopes.code.tex 2020/01/08 v3.1.5b (3.1.5b)
\pgfpic=\box55
\pgf@hbox=\box56
\pgf@layerbox@main=\box57
\pgf@picture@serial@count=\count288
)
(/usr/local/share/miktex-texmf/tex/generic/pgf/basiclayer/pgfcoregraphicstate.c
ode.tex
File: pgfcoregraphicstate.code.tex 2020/01/08 v3.1.5b (3.1.5b)
\pgflinewidth=\dimen256
)
(/usr/local/share/miktex-texmf/tex/generic/pgf/basiclayer/pgfcoretransformation
s.code.tex
File: pgfcoretransformations.code.tex 2020/01/08 v3.1.5b (3.1.5b)
\pgf@pt@x=\dimen257
\pgf@pt@y=\dimen258
\pgf@pt@temp=\dimen259
)
(/usr/local/share/miktex-texmf/tex/generic/pgf/basiclayer/pgfcorequick.code.tex
File: pgfcorequick.code.tex 2020/01/08 v3.1.5b (3.1.5b)
)
(/usr/local/share/miktex-texmf/tex/generic/pgf/basiclayer/pgfcoreobjects.code.t
ex
File: pgfcoreobjects.code.tex 2020/01/08 v3.1.5b (3.1.5b)
)
(/usr/local/share/miktex-texmf/tex/generic/pgf/basiclayer/pgfcorepathprocessing
.code.tex
File: pgfcorepathprocessing.code.tex 2020/01/08 v3.1.5b (3.1.5b)
)
(/usr/local/share/miktex-texmf/tex/generic/pgf/basiclayer/pgfcorearrows.code.te
x
File: pgfcorearrows.code.tex 2020/01/08 v3.1.5b (3.1.5b)
\pgfarrowsep=\dimen260
)
(/usr/local/share/miktex-texmf/tex/generic/pgf/basiclayer/pgfcoreshade.code.tex
File: pgfcoreshade.code.tex 2020/01/08 v3.1.5b (3.1.5b)
\pgf@max=\dimen261
\pgf@sys@shading@range@num=\count289
\pgf@shadingcount=\count290
)
(/usr/local/share/miktex-texmf/tex/generic/pgf/basiclayer/pgfcoreimage.code.tex
File: pgfcoreimage.code.tex 2020/01/08 v3.1.5b (3.1.5b)

(/usr/local/share/miktex-texmf/tex/generic/pgf/basiclayer/pgfcoreexternal.code.
tex
File: pgfcoreexternal.code.tex 2020/01/08 v3.1.5b (3.1.5b)
\pgfexternal@startupbox=\box58
))
(/usr/local/share/miktex-texmf/tex/generic/pgf/basiclayer/pgfcorelayers.code.te
x
File: pgfcorelayers.code.tex 2020/01/08 v3.1.5b (3.1.5b)
)
(/usr/local/share/miktex-texmf/tex/generic/pgf/basiclayer/pgfcoretransparency.c
ode.tex
File: pgfcoretransparency.code.tex 2020/01/08 v3.1.5b (3.1.5b)
)
(/usr/local/share/miktex-texmf/tex/generic/pgf/basiclayer/pgfcorepatterns.code.
tex
File: pgfcorepatterns.code.tex 2020/01/08 v3.1.5b (3.1.5b)
)
(/usr/local/share/miktex-texmf/tex/generic/pgf/basiclayer/pgfcorerdf.code.tex
File: pgfcorerdf.code.tex 2020/01/08 v3.1.5b (3.1.5b)
)))
(/usr/local/share/miktex-texmf/tex/generic/pgf/modules/pgfmoduleshapes.code.tex
File: pgfmoduleshapes.code.tex 2020/01/08 v3.1.5b (3.1.5b)
\pgfnodeparttextbox=\box59
) (/usr/local/share/miktex-texmf/tex/generic/pgf/modules/pgfmoduleplot.code.tex
File: pgfmoduleplot.code.tex 2020/01/08 v3.1.5b (3.1.5b)
)
(/usr/local/share/miktex-texmf/tex/latex/pgf/compatibility/pgfcomp-version-0-65
.sty
Package: pgfcomp-version-0-65 2020/01/08 v3.1.5b (3.1.5b)
\pgf@nodesepstart=\dimen262
\pgf@nodesepend=\dimen263
)
(/usr/local/share/miktex-texmf/tex/latex/pgf/compatibility/pgfcomp-version-1-18
.sty
Package: pgfcomp-version-1-18 2020/01/08 v3.1.5b (3.1.5b)
)) (/usr/local/share/miktex-texmf/tex/latex/pgf/utilities/pgffor.sty
(/usr/local/share/miktex-texmf/tex/latex/pgf/utilities/pgfkeys.sty
(/usr/local/share/miktex-texmf/tex/generic/pgf/utilities/pgfkeys.code.tex))
(/usr/local/share/miktex-texmf/tex/latex/pgf/math/pgfmath.sty
(/usr/local/share/miktex-texmf/tex/generic/pgf/math/pgfmath.code.tex))
(/usr/local/share/miktex-texmf/tex/generic/pgf/utilities/pgffor.code.tex
Package: pgffor 2020/01/08 v3.1.5b (3.1.5b)

(/usr/local/share/miktex-texmf/tex/generic/pgf/math/pgfmath.code.tex)
\pgffor@iter=\dimen264
\pgffor@skip=\dimen265
\pgffor@stack=\toks44
\pgffor@toks=\toks45
))
(/usr/local/share/miktex-texmf/tex/generic/pgf/frontendlayer/tikz/tikz.code.tex
Package: tikz 2020/01/08 v3.1.5b (3.1.5b)

(/usr/local/share/miktex-texmf/tex/generic/pgf/libraries/pgflibraryplothandlers
.code.tex
File: pgflibraryplothandlers.code.tex 2020/01/08 v3.1.5b (3.1.5b)
\pgf@plot@mark@count=\count291
\pgfplotmarksize=\dimen266
)
\tikz@lastx=\dimen267
\tikz@lasty=\dimen268
\tikz@lastxsaved=\dimen269
\tikz@lastysaved=\dimen270
\tikz@lastmovetox=\dimen271
\tikz@lastmovetoy=\dimen272
\tikzleveldistance=\dimen273
\tikzsiblingdistance=\dimen274
\tikz@figbox=\box60
\tikz@figbox@bg=\box61
\tikz@tempbox=\box62
\tikz@tempbox@bg=\box63
\tikztreelevel=\count292
\tikznumberofchildren=\count293
\tikznumberofcurrentchild=\count294
\tikz@fig@count=\count295

(/usr/local/share/miktex-texmf/tex/generic/pgf/modules/pgfmodulematrix.code.tex
File: pgfmodulematrix.code.tex 2020/01/08 v3.1.5b (3.1.5b)
\pgfmatrixcurrentrow=\count296
\pgfmatrixcurrentcolumn=\count297
\pgf@matrix@numberofcolumns=\count298
)
\tikz@expandcount=\count299

(/usr/local/share/miktex-texmf/tex/generic/pgf/frontendlayer/tikz/libraries/tik
zlibrarytopaths.code.tex
File: tikzlibrarytopaths.code.tex 2020/01/08 v3.1.5b (3.1.5b)
)))
(/usr/local/share/miktex-texmf/tex/generic/pgf/frontendlayer/tikz/libraries/tik
zlibrarypositioning.code.tex
File: tikzlibrarypositioning.code.tex 2020/01/08 v3.1.5b (3.1.5b)
)
(/usr/local/share/miktex-texmf/tex/generic/pgf/frontendlayer/tikz/libraries/tik
zlibraryshadows.code.tex
File: tikzlibraryshadows.code.tex 2020/01/08 v3.1.5b (3.1.5b)

(/usr/local/share/miktex-texmf/tex/generic/pgf/frontendlayer/tikz/libraries/tik
zlibraryfadings.code.tex
File: tikzlibraryfadings.code.tex 2020/01/08 v3.1.5b (3.1.5b)

(/usr/local/share/miktex-texmf/tex/generic/pgf/libraries/pgflibraryfadings.code
.tex
File: pgflibraryfadings.code.tex 2020/01/08 v3.1.5b (3.1.5b)
))) (/usr/local/share/miktex-texmf/tex/latex/tools/calc.sty
Package: calc 2017/05/25 v4.3 Infix arithmetic (KKT,FJ)
\calc@Acount=\count300
\calc@Bcount=\count301
\calc@Adimen=\dimen275
\calc@Bdimen=\dimen276
\calc@Askip=\skip59
\calc@Bskip=\skip60
LaTeX Info: Redefining \setlength on input line 80.
LaTeX Info: Redefining \addtolength on input line 81.
\calc@Ccount=\count302
\calc@Cskip=\skip61
)
\c@@todonotes@numberoftodonotes=\count303
)
(/home/simon/.miktex/texmfs/install/tex/latex/siunitx/siunitx.sty
(/usr/local/share/miktex-texmf/tex/latex/l3kernel/expl3.sty
Package: expl3 2020-02-25 L3 programming layer (loader) 

(/usr/local/share/miktex-texmf/tex/latex/l3backend/l3backend-pdfmode.def
File: l3backend-pdfmode.def 2020-02-23 L3 backend support: PDF mode
\l__kernel_color_stack_int=\count304
\l__pdf_internal_box=\box64
))
(/usr/local/share/miktex-texmf/tex/latex/l3packages/xparse/xparse.sty
Package: xparse 2020-02-25 L3 Experimental document command parser
\l__xparse_current_arg_int=\count305
\g__xparse_grabber_int=\count306
\l__xparse_m_args_int=\count307
\l__xparse_v_nesting_int=\count308
)
Package: siunitx 2020/02/25 v2.8b A comprehensive (SI) units package

(/usr/local/share/miktex-texmf/tex/latex/tools/array.sty
Package: array 2019/08/31 v2.4l Tabular extension package (FMi)
\col@sep=\dimen277
\ar@mcellbox=\box65
\extrarowheight=\dimen278
\NC@list=\toks46
\extratabsurround=\skip62
\backup@length=\skip63
\ar@cellbox=\box66
)
(/usr/local/share/miktex-texmf/tex/latex/l3packages/l3keys2e/l3keys2e.sty
Package: l3keys2e 2020-02-25 LaTeX2e option processing using LaTeX3 keys
)
\l__siunitx_tmp_box=\box67
\l__siunitx_tmp_dim=\dimen279
\l__siunitx_tmp_int=\count309
\l__siunitx_number_mantissa_length_int=\count310
\l__siunitx_number_uncert_length_int=\count311
\l__siunitx_round_int=\count312
\l__siunitx_process_decimal_int=\count313
\l__siunitx_process_uncertainty_int=\count314
\l__siunitx_process_fixed_int=\count315
\l__siunitx_process_integer_min_int=\count316
\l__siunitx_process_precision_int=\count317
\l__siunitx_group_min_int=\count318
\l__siunitx_angle_marker_box=\box68
\l__siunitx_angle_unit_box=\box69
\l__siunitx_angle_marker_dim=\dimen280
\l__siunitx_angle_unit_dim=\dimen281
\l__siunitx_unit_int=\count319
\l__siunitx_unit_denominator_int=\count320
\l__siunitx_unit_numerator_int=\count321
\l__siunitx_unit_prefix_int=\count322
\l__siunitx_unit_prefix_base_int=\count323
\l__siunitx_unit_prefix_gram_int=\count324
\l__siunitx_number_product_int=\count325
\c__siunitx_one_fill_skip=\skip64
\l__siunitx_table_unit_align_skip=\skip65
\l__siunitx_table_exponent_dim=\dimen282
\l__siunitx_table_integer_dim=\dimen283
\l__siunitx_table_mantissa_dim=\dimen284
\l__siunitx_table_marker_dim=\dimen285
\l__siunitx_table_result_dim=\dimen286
\l__siunitx_table_uncert_dim=\dimen287
\l__siunitx_table_fill_pre_dim=\dimen288
\l__siunitx_table_fill_post_dim=\dimen289
\l__siunitx_table_fill_mid_dim=\dimen290
\l__siunitx_table_pre_box=\box70
\l__siunitx_table_post_box=\box71
\l__siunitx_table_mantissa_box=\box72
\l__siunitx_table_result_box=\box73
\l__siunitx_table_number_align_skip=\skip66
\l__siunitx_table_text_align_skip=\skip67

(/home/simon/.miktex/texmfs/install/tex/latex/translator/translator.sty
Package: translator 2019-05-31 v1.12a Easy translation of strings in LaTeX
))
\c@thm=\count326
\c@lem=\count327
\c@cor=\count328
\c@prop=\count329
\c@rem=\count330

(/home/simon/.miktex/texmfs/install/tex/latex/algorithmicx/algorithmicx.sty
Package: algorithmicx 2005/04/27 v1.2 Algorithmicx

Document Style algorithmicx 1.2 - a greatly improved `algorithmic' style
\c@ALG@line=\count331
\c@ALG@rem=\count332
\c@ALG@nested=\count333
\ALG@tlm=\skip68
\ALG@thistlm=\skip69
\c@ALG@Lnr=\count334
\c@ALG@blocknr=\count335
\c@ALG@storecount=\count336
\c@ALG@tmpcounter=\count337
\ALG@tmplength=\skip70
) (/home/simon/.miktex/texmfs/install/tex/latex/algorithms/algorithm.sty
Package: algorithm 2009/08/24 v0.1 Document Style `algorithm' - floating enviro
nment
\@float@every@algorithm=\toks47
\c@algorithm=\count338
)
(/home/simon/.miktex/texmfs/install/tex/latex/algorithmicx/algpseudocode.sty
Package: algpseudocode 

Document Style - pseudocode environments for use with the `algorithmicx' style
) (/usr/local/share/miktex-texmf/tex/latex/amsfonts/amsfonts.sty
Package: amsfonts 2013/01/14 v3.01 Basic AMSFonts support
\symAMSa=\mathgroup4
\symAMSb=\mathgroup5
LaTeX Font Info:    Redeclaring math symbol \hbar on input line 98.
LaTeX Font Info:    Overwriting math alphabet `\mathfrak' in version `bold'
(Font)                  U/euf/m/n --> U/euf/b/n on input line 106.
)
(/usr/local/share/miktex-texmf/tex/latex/amsfonts/amssymb.sty
Package: amssymb 2013/01/14 v3.01 AMS font symbols
)
(/home/simon/.miktex/texmfs/install/tex/latex/bbm/bbm.sty
Package: bbm 1999/03/15 V 1.2 provides fonts for set symbols - TH
LaTeX Font Info:    Overwriting math alphabet `\mathbbm' in version `bold'
(Font)                  U/bbm/m/n --> U/bbm/bx/n on input line 33.
LaTeX Font Info:    Overwriting math alphabet `\mathbbmss' in version `bold'
(Font)                  U/bbmss/m/n --> U/bbmss/bx/n on input line 35.
)
LaTeX Info: Redefining \b0 on input line 105.
LaTeX Info: Redefining \b1 on input line 106.
LaTeX Info: Redefining \convL2 on input line 119.
LaTeX Info: Redefining \lconvL2 on input line 125.
) (proposal.aux

LaTeX Warning: Label `athanks' multiply defined.


LaTeX Warning: Label `sec:setting' multiply defined.


LaTeX Warning: Label `sec:setting@cref' multiply defined.


LaTeX Warning: Label `sec:setting' multiply defined.


LaTeX Warning: Label `sec:setting@cref' multiply defined.

)
\openout1 = `proposal.aux'.

LaTeX Font Info:    Checking defaults for OML/cmm/m/it on input line 11.
LaTeX Font Info:    ... okay on input line 11.
LaTeX Font Info:    Checking defaults for OMS/cmsy/m/n on input line 11.
LaTeX Font Info:    ... okay on input line 11.
LaTeX Font Info:    Checking defaults for OT1/cmr/m/n on input line 11.
LaTeX Font Info:    ... okay on input line 11.
LaTeX Font Info:    Checking defaults for T1/cmr/m/n on input line 11.
LaTeX Font Info:    ... okay on input line 11.
LaTeX Font Info:    Checking defaults for TS1/cmr/m/n on input line 11.
LaTeX Font Info:    ... okay on input line 11.
LaTeX Font Info:    Checking defaults for OMX/cmex/m/n on input line 11.
LaTeX Font Info:    ... okay on input line 11.
LaTeX Font Info:    Checking defaults for U/cmr/m/n on input line 11.
LaTeX Font Info:    ... okay on input line 11.
LaTeX Font Info:    Checking defaults for PD1/pdf/m/n on input line 11.
LaTeX Font Info:    ... okay on input line 11.
\AtBeginShipoutBox=\box74
Package hyperref Info: Link coloring ON on input line 11.
 (/usr/local/share/miktex-texmf/tex/latex/hyperref/nameref.sty
Package: nameref 2019/09/16 v2.46 Cross-referencing by name of section

(/home/simon/.miktex/texmfs/install/tex/latex/refcount/refcount.sty
Package: refcount 2019/12/15 v3.6 Data extraction from label references (HO)
)
(/home/simon/.miktex/texmfs/install/tex/generic/gettitlestring/gettitlestring.s
ty
Package: gettitlestring 2019/12/15 v1.6 Cleanup title references (HO)
)
\c@section@level=\count339
)
LaTeX Info: Redefining \ref on input line 11.
LaTeX Info: Redefining \pageref on input line 11.
LaTeX Info: Redefining \nameref on input line 11.
 (proposal.out) (proposal.out)
\@outlinefile=\write4
\openout4 = `proposal.out'.


(/usr/local/share/miktex-texmf/tex/context/base/mkii/supp-pdf.mkii
[Loading MPS to PDF converter (version 2006.09.02).]
\scratchcounter=\count340
\scratchdimen=\dimen291
\scratchbox=\box75
\nofMPsegments=\count341
\nofMParguments=\count342
\everyMPshowfont=\toks48
\MPscratchCnt=\count343
\MPscratchDim=\dimen292
\MPnumerator=\count344
\makeMPintoPDFobject=\count345
\everyMPtoPDFconversion=\toks49
) (/usr/local/share/miktex-texmf/tex/latex/epstopdf-pkg/epstopdf-base.sty
Package: epstopdf-base 2020-01-24 v2.11 Base part for package epstopdf
Package epstopdf-base Info: Redefining graphics rule for `.eps' on input line 4
85.
)
ABD: EveryShipout initializing macros
(/home/simon/.miktex/texmfs/install/tex/latex/translator/translator-basic-dicti
onary-English.dict
Dictionary: translator-basic-dictionary, Language: English 
)
(/home/simon/.miktex/texmfs/install/tex/latex/siunitx/siunitx-abbreviations.cfg
File: siunitx-abbreviations.cfg 2017/11/26 v2.7k siunitx: Abbreviated units
)
LaTeX Font Info:    Trying to load font information for U+msa on input line 11.

 (/usr/local/share/miktex-texmf/tex/latex/amsfonts/umsa.fd
File: umsa.fd 2013/01/14 v3.01 AMS symbols A
)
LaTeX Font Info:    Trying to load font information for U+msb on input line 11.


(/usr/local/share/miktex-texmf/tex/latex/amsfonts/umsb.fd
File: umsb.fd 2013/01/14 v3.01 AMS symbols B
)
LaTeX Font Info:    Font shape `OT1/cmtt/bx/n' in size <21> not available
(Font)              Font shape `OT1/cmtt/m/n' tried instead on input line 16.
LaTeX Font Info:    Font shape `OT1/cmtt/bx/n' in size <14.4> not available
(Font)              Font shape `OT1/cmtt/m/n' tried instead on input line 51.
LaTeX Font Info:    Font shape `OT1/cmtt/bx/n' in size <10> not available
(Font)              Font shape `OT1/cmtt/m/n' tried instead on input line 62.

Overfull \hbox (26.72057pt too wide) in paragraph at lines 63--69
[]\OT1/cmr/m/n/10 The dataset was col-lect-ed from the \OT1/cmtt/m/n/10 MovieLe
ns \OT1/cmr/m/n/10 web-site ([][]$\OT1/cmtt/m/n/10 movielens .
 []


Underfull \hbox (badness 10000) has occurred while \output is active

 []

[1

{/home/simon/.miktex/texmfs/data/pdftex/config/pdftex.map}] [2] (proposal.bbl) 
[3]
Package atveryend Info: Empty hook `BeforeClearDocument' on input line 111.
Package atveryend Info: Empty hook `AfterLastShipout' on input line 111.
 (proposal.aux)
Package atveryend Info: Executing hook `AtVeryEndDocument' on input line 111.
Package atveryend Info: Executing hook `AtEndAfterFileList' on input line 111.
Package rerunfilecheck Info: File `proposal.out' has not changed.
(rerunfilecheck)             Checksum: F80786155D6294AF5EE0817A527EDB7D;389.


LaTeX Warning: There were multiply-defined labels.

Package atveryend Info: Empty hook `AtVeryVeryEnd' on input line 111.
 ) 
Here is how much of TeX's memory you used:
 23986 strings out of 483221
 472983 string characters out of 2961265
 688732 words of memory out of 3000000
 38760 multiletter control sequences out of 15000+200000
 545122 words of font info for 75 fonts, out of 3000000 for 9000
 14 hyphenation exceptions out of 8191
 71i,7n,85p,774b,834s stack positions out of 5000i,500n,10000p,200000b,50000s
pdfTeX warning (dest): name{e2} has been referenced but does not exist, repla
ced by a fixed one

pdfTeX warning (dest): name{e1} has been referenced but does not exist, replace
d by a fixed one

</usr/local/share/miktex-texmf/fonts/type1/public/amsfonts/cm/cmbx10.pfb></usr/
local/share/miktex-texmf/fonts/type1/public/amsfonts/cm/cmbx12.pfb></usr/local/
share/miktex-texmf/fonts/type1/public/amsfonts/cm/cmcsc10.pfb></usr/local/share
/miktex-texmf/fonts/type1/public/amsfonts/cm/cmitt10.pfb></usr/local/share/mikt
ex-texmf/fonts/type1/public/amsfonts/cm/cmmi10.pfb></usr/local/share/miktex-tex
mf/fonts/type1/public/amsfonts/cm/cmr10.pfb></usr/local/share/miktex-texmf/font
s/type1/public/amsfonts/cm/cmr12.pfb></usr/local/share/miktex-texmf/fonts/type1
/public/amsfonts/cm/cmr6.pfb></usr/local/share/miktex-texmf/fonts/type1/public/
amsfonts/cm/cmr7.pfb></usr/local/share/miktex-texmf/fonts/type1/public/amsfonts
/cm/cmr8.pfb></usr/local/share/miktex-texmf/fonts/type1/public/amsfonts/cm/cmti
10.pfb></usr/local/share/miktex-texmf/fonts/type1/public/amsfonts/cm/cmti9.pfb>
</usr/local/share/miktex-texmf/fonts/type1/public/amsfonts/cm/cmtt10.pfb></usr/
local/share/miktex-texmf/fonts/type1/public/amsfonts/cm/cmtt12.pfb></usr/local/
share/miktex-texmf/fonts/type1/public/amsfonts/cm/cmtt8.pfb></usr/local/share/m
iktex-texmf/fonts/type1/public/amsfonts/cm/cmtt9.pfb>
Output written on proposal.pdf (3 pages, 213853 bytes).
PDF statistics:
 195 PDF objects out of 1000 (max. 8388607)
 27 named destinations out of 1000 (max. 500000)
 165 words of extra memory for PDF output out of 10000 (max. 10000000)

